
Showing logs for build [32mcb-kubecd-environment-pr-236-1-lvncd-1[0m stage [32mfrom-build-pack[0m and container [32mstep-credential-initializer-94mfs[0m
{"level":"info","ts":1592447916.0954607,"logger":"fallback-logger","caller":"logging/config.go:69","msg":"Fetch GitHub commit ID from kodata failed: open /var/run/ko/refs/heads/0.8.0-ns-support: no such file or directory"}
{"level":"info","ts":1592447916.0961475,"logger":"fallback-logger","caller":"creds-init/main.go:40","msg":"Credentials initialized."}

Showing logs for build [32mcb-kubecd-environment-pr-236-1-lvncd-1[0m stage [32mfrom-build-pack[0m and container [32mstep-working-dir-initializer-bvx4g[0m
{"level":"info","ts":1592447917.0600586,"logger":"fallback-logger","caller":"logging/config.go:69","msg":"Fetch GitHub commit ID from kodata failed: open /var/run/ko/HEAD: no such file or directory"}
{"level":"info","ts":1592447917.0625384,"logger":"fallback-logger","caller":"bash/main.go:64","msg":"Successfully executed command \"sh -c mkdir -p /workspace/source\"; output "}

Showing logs for build [32mcb-kubecd-environment-pr-236-1-lvncd-1[0m stage [32mfrom-build-pack[0m and container [32mstep-place-tools[0m

Showing logs for build [32mcb-kubecd-environment-pr-236-1-lvncd-1[0m stage [32mfrom-build-pack[0m and container [32mstep-git-source-cb-kubecd-environment-pr-236-1-lvncd-2krgh[0m
{"level":"info","ts":1592447921.170622,"logger":"fallback-logger","caller":"logging/config.go:69","msg":"Fetch GitHub commit ID from kodata failed: open /var/run/ko/refs/heads/0.8.0-ns-support: no such file or directory"}
{"level":"info","ts":1592447922.2144012,"logger":"fallback-logger","caller":"git/git.go:103","msg":"Successfully cloned https://github.com/cb-kubecd/environment-pr-236-1-boot-gke-production.git @ master in path /workspace/source"}

Showing logs for build [32mcb-kubecd-environment-pr-236-1-lvncd-1[0m stage [32mfrom-build-pack[0m and container [32mstep-git-merge[0m
Using SHAs from PULL_REFS=master:e10a7cf81657a6538018ab5b0031505a4fef7331,1:4032d5783967b6a1a761165c1f347a552bdd7c5b
DEBUG: LC_ALL=C JX_LOG_LEVEL=error git fetch origin --unshallow 4032d5783967b6a1a761165c1f347a552bdd7c5b: e10a7cf81657a6538018ab5b0031505a4fef7331:
DEBUG: ran git fetch --unshallow origin 4032d5783967b6a1a761165c1f347a552bdd7c5b: e10a7cf81657a6538018ab5b0031505a4fef7331: in 
DEBUG: LC_ALL=C JX_LOG_LEVEL=error git branch
DEBUG: LC_ALL=C JX_LOG_LEVEL=error git checkout master
DEBUG: ran git checkout master in 
DEBUG: JX_LOG_LEVEL=error LC_ALL=C git reset --hard e10a7cf81657a6538018ab5b0031505a4fef7331
DEBUG: ran git reset --hard e10a7cf81657a6538018ab5b0031505a4fef7331 in 
DEBUG: LC_ALL=C JX_LOG_LEVEL=error git clean -fd .
DEBUG: ran clean --force -d . in 
DEBUG: LC_ALL=C JX_LOG_LEVEL=error git merge 4032d5783967b6a1a761165c1f347a552bdd7c5b
DEBUG: ran git merge 4032d5783967b6a1a761165c1f347a552bdd7c5b in 
DEBUG: LC_ALL=C JX_LOG_LEVEL=error git log --format=%H%x1f%an%x1f%ae%x1f%cn%x1f%ce%x1f%s%n%b%x1e e10a7cf81657a6538018ab5b0031505a4fef7331..HEAD
Merged SHA 4032d5783967b6a1a761165c1f347a552bdd7c5b with commit message 'chore: Promote bdd-spring-1592446994 to version 0.0.1' into base branch master

Showing logs for build [32mcb-kubecd-environment-pr-236-1-lvncd-1[0m stage [32mfrom-build-pack[0m and container [32mstep-build-helm-build[0m
WARNING: No $CHART_REPOSITORY defined so using the default value of: http://jenkins-x-chartmuseum:8080
Adding missing Helm repo: storage.googleapis.com https://storage.googleapis.com/chartmuseum.jenkins-x.io
WARNING: No secrets found on "helm/repos" due: reading the secret "helm/repos" from vault: no secret "helm/repos" not found in vault
Read credentials for https://storage.googleapis.com/chartmuseum.jenkins-x.io from vault helm/repos
Successfully added Helm repository storage.googleapis.com.
Adding missing Helm repo: jenkins-x-chartmuseum http://jenkins-x-chartmuseum:8080
WARNING: No secrets found on "helm/repos" due: reading the secret "helm/repos" from vault: no secret "helm/repos" not found in vault
Read credentials for http://jenkins-x-chartmuseum:8080 from vault helm/repos
Successfully added Helm repository jenkins-x-chartmuseum.
WARNING: No $CHART_REPOSITORY defined so using the default value of: http://jenkins-x-chartmuseum:8080
Adding missing Helm repo: chartmuseum.jenkins-x.io http://chartmuseum.jenkins-x.io
WARNING: No secrets found on "helm/repos" due: reading the secret "helm/repos" from vault: no secret "helm/repos" not found in vault
Read credentials for http://chartmuseum.jenkins-x.io from vault helm/repos
Successfully added Helm repository chartmuseum.jenkins-x.io.
